<?xml version="1.0" encoding="UTF-8"?>
<testng-results ignored="0" total="1" passed="1" failed="0" skipped="0">
  <reporter-output>
  </reporter-output>
  <suite started-at="2026-02-05T19:57:13 IST" name="Default suite" finished-at="2026-02-05T19:57:27 IST" duration-ms="13712">
    <groups>
    </groups>
    <test started-at="2026-02-05T19:57:13 IST" name="Default test" finished-at="2026-02-05T19:57:27 IST" duration-ms="13712">
      <class name="testscripts.LoginTest">
        <test-method is-config="true" signature="browserLaunch()[pri:0, instance:testscripts.LoginTest@7cc0cdad]" started-at="2026-02-05T19:57:13 IST" name="browserLaunch" finished-at="2026-02-05T19:57:22 IST" duration-ms="8893" status="PASS">
          <reporter-output>
          </reporter-output>
        </test-method> <!-- browserLaunch -->
        <test-method signature="verifyUserLoginWithInvalidCredentials()[pri:0, instance:testscripts.LoginTest@7cc0cdad]" started-at="2026-02-05T19:57:22 IST" name="verifyUserLoginWithInvalidCredentials" finished-at="2026-02-05T19:57:27 IST" duration-ms="4671" status="PASS">
          <reporter-output>
          </reporter-output>
        </test-method> <!-- verifyUserLoginWithInvalidCredentials -->
        <test-method is-config="true" signature="browserCloseQuit()[pri:0, instance:testscripts.LoginTest@7cc0cdad]" started-at="2026-02-05T19:57:27 IST" name="browserCloseQuit" finished-at="2026-02-05T19:57:27 IST" duration-ms="2" status="PASS">
          <reporter-output>
          </reporter-output>
        </test-method> <!-- browserCloseQuit -->
      </class> <!-- testscripts.LoginTest -->
    </test> <!-- Default test -->
  </suite> <!-- Default suite -->
</testng-results>
